TN:
SF:src\app.ts
FNF:0
FNH:0
DA:1,1
DA:2,1
DA:3,1
DA:4,1
DA:5,1
DA:6,1
DA:7,1
DA:8,1
DA:9,1
DA:10,1
DA:11,1
DA:12,1
DA:13,1
DA:14,1
DA:15,1
DA:16,0
DA:17,0
DA:18,0
DA:19,0
DA:20,0
DA:21,0
DA:22,0
DA:23,0
DA:24,0
DA:25,0
DA:26,0
DA:27,0
DA:28,0
DA:29,0
DA:30,0
DA:31,0
DA:32,1
DA:33,1
LF:33
LH:17
BRF:0
BRH:0
end_of_record
TN:
SF:src\configs\auth.ts
FNF:0
FNH:0
DA:1,1
DA:2,1
DA:3,1
DA:4,1
LF:4
LH:4
BRF:0
BRH:0
end_of_record
TN:
SF:src\controllers\PostControllers.ts
FN:11,create
FN:30,update
FN:44,delete
FN:58,list
FN:72,search
FNF:5
FNH:5
FNDA:14,create
FNDA:3,update
FNDA:3,delete
FNDA:3,list
FNDA:2,search
DA:1,1
DA:2,1
DA:3,1
DA:4,1
DA:5,1
DA:6,1
DA:7,1
DA:8,1
DA:9,1
DA:10,1
DA:11,1
DA:12,14
DA:13,14
DA:14,14
DA:15,0
DA:16,0
DA:17,14
DA:18,14
DA:19,14
DA:20,13
DA:21,13
DA:22,13
DA:23,13
DA:24,13
DA:25,13
DA:26,14
DA:27,1
DA:28,1
DA:29,14
DA:30,1
DA:31,3
DA:32,3
DA:33,3
DA:34,1
DA:35,1
DA:36,1
DA:37,1
DA:38,1
DA:39,1
DA:40,3
DA:41,2
DA:42,2
DA:43,3
DA:44,1
DA:45,3
DA:46,3
DA:47,3
DA:48,1
DA:49,1
DA:50,1
DA:51,1
DA:52,1
DA:53,1
DA:54,3
DA:55,2
DA:56,2
DA:57,3
DA:58,1
DA:59,3
DA:60,3
DA:61,3
DA:62,1
DA:63,1
DA:64,1
DA:65,1
DA:66,1
DA:67,1
DA:68,3
DA:69,2
DA:70,2
DA:71,3
DA:72,1
DA:73,2
DA:74,2
DA:75,2
DA:76,1
DA:77,1
DA:78,1
DA:79,1
DA:80,1
DA:81,1
DA:82,1
DA:83,1
DA:84,1
DA:85,2
DA:86,1
LF:86
LH:84
BRDA:11,0,0,14
BRDA:14,1,0,0
BRDA:19,2,0,13
BRDA:26,3,0,1
BRDA:30,4,0,3
BRDA:33,5,0,1
BRDA:40,6,0,2
BRDA:44,7,0,3
BRDA:47,8,0,1
BRDA:54,9,0,2
BRDA:58,10,0,3
BRDA:61,11,0,1
BRDA:68,12,0,2
BRDA:72,13,0,2
BRDA:75,14,0,1
BRF:15
BRH:14
end_of_record
TN:
SF:src\controllers\SessionControllers.ts
FN:7,create
FNF:1
FNH:1
FNDA:21,create
DA:1,1
DA:2,1
DA:3,1
DA:4,1
DA:5,1
DA:6,1
DA:7,1
DA:8,21
DA:9,21
DA:10,21
DA:11,19
DA:12,19
DA:13,19
DA:14,19
DA:15,19
DA:16,19
DA:17,21
DA:18,2
DA:19,2
DA:20,21
DA:21,1
LF:21
LH:21
BRDA:7,0,0,21
BRDA:10,1,0,19
BRDA:17,2,0,2
BRF:3
BRH:3
end_of_record
TN:
SF:src\controllers\UserControllers.ts
FN:8,create
FN:23,update
FNF:2
FNH:2
FNDA:22,create
FNDA:4,update
DA:1,1
DA:2,1
DA:3,1
DA:4,1
DA:5,1
DA:6,1
DA:7,1
DA:8,1
DA:9,22
DA:10,22
DA:11,22
DA:12,22
DA:13,21
DA:14,21
DA:15,21
DA:16,21
DA:17,21
DA:18,21
DA:19,22
DA:20,1
DA:21,1
DA:22,22
DA:23,1
DA:24,4
DA:25,4
DA:26,4
DA:27,1
DA:28,1
DA:29,1
DA:30,1
DA:31,1
DA:32,1
DA:33,4
DA:34,3
DA:35,3
DA:36,4
DA:37,1
LF:37
LH:37
BRDA:8,0,0,22
BRDA:12,1,0,21
BRDA:19,2,0,1
BRDA:23,3,0,4
BRDA:26,4,0,1
BRDA:33,5,0,3
BRF:6
BRH:6
end_of_record
TN:
SF:src\database\index.ts
FNF:0
FNH:0
DA:1,1
DA:2,1
DA:3,1
LF:3
LH:3
BRF:0
BRH:0
end_of_record
TN:
SF:src\helpers\api-erros.ts
FN:1,<instance_members_initializer>
FN:4,ApiError
FN:11,BadRequestError
FN:18,NotFoundError
FN:25,UnauthorizedError
FNF:5
FNH:3
FNDA:28,<instance_members_initializer>
FNDA:28,ApiError
FNDA:0,BadRequestError
FNDA:0,NotFoundError
FNDA:28,UnauthorizedError
DA:1,1
DA:2,28
DA:3,28
DA:4,28
DA:5,28
DA:6,28
DA:7,28
DA:8,28
DA:9,1
DA:10,1
DA:11,1
DA:12,0
DA:13,0
DA:14,1
DA:15,1
DA:16,1
DA:17,1
DA:18,1
DA:19,0
DA:20,0
DA:21,1
DA:22,1
DA:23,1
DA:24,1
DA:25,1
DA:26,28
DA:27,28
DA:28,1
LF:28
LH:24
BRDA:1,0,0,28
BRDA:4,1,0,28
BRDA:25,2,0,28
BRF:3
BRH:3
end_of_record
TN:
SF:src\middlewares\ensureAuthenticated.ts
FN:16,ensureAuthenticated
FNF:1
FNH:1
FNDA:30,ensureAuthenticated
DA:1,1
DA:2,1
DA:3,1
DA:4,1
DA:5,1
DA:6,1
DA:7,1
DA:8,1
DA:9,1
DA:10,1
DA:11,1
DA:12,1
DA:13,1
DA:14,1
DA:15,1
DA:16,1
DA:17,30
DA:18,30
DA:19,30
DA:20,0
DA:21,0
DA:22,30
DA:23,30
DA:24,30
DA:25,30
DA:26,30
DA:27,30
DA:28,30
DA:29,30
DA:30,30
DA:31,30
DA:32,30
DA:33,0
DA:34,0
DA:35,30
DA:36,1
DA:37,1
DA:38,30
DA:39,1
DA:40,1
LF:40
LH:36
BRDA:16,0,0,30
BRDA:19,1,0,0
BRDA:32,2,0,0
BRDA:35,3,0,1
BRF:4
BRH:2
end_of_record
TN:
SF:src\repositories\post.repository.ts
FN:3,<instance_members_initializer>
FN:5,savePost
FN:11,findById
FN:17,findBySearch
FN:29,updatePost
FN:41,deletePost
FNF:6
FNH:6
FNDA:25,<instance_members_initializer>
FNDA:14,savePost
FNDA:9,findById
FNDA:2,findBySearch
FNDA:1,updatePost
FNDA:1,deletePost
DA:1,1
DA:2,1
DA:3,1
DA:4,25
DA:5,25
DA:6,14
DA:7,14
DA:8,14
DA:9,13
DA:10,13
DA:11,25
DA:12,9
DA:13,9
DA:14,9
DA:15,9
DA:16,9
DA:17,25
DA:18,2
DA:19,2
DA:20,2
DA:21,2
DA:22,2
DA:23,2
DA:24,2
DA:25,2
DA:26,2
DA:27,2
DA:28,2
DA:29,25
DA:30,1
DA:31,1
DA:32,1
DA:33,1
DA:34,1
DA:35,1
DA:36,1
DA:37,1
DA:38,1
DA:39,1
DA:40,1
DA:41,25
DA:42,1
DA:43,1
DA:44,1
DA:45,1
DA:46,1
DA:47,1
DA:48,1
DA:49,25
LF:49
LH:49
BRDA:3,0,0,25
BRDA:5,1,0,14
BRDA:8,2,0,13
BRDA:11,3,0,9
BRDA:17,4,0,2
BRDA:29,5,0,1
BRDA:41,6,0,1
BRF:7
BRH:7
end_of_record
TN:
SF:src\repositories\session.repository.ts
FN:3,<instance_members_initializer>
FN:5,findByEmail
FNF:2
FNH:2
FNDA:21,<instance_members_initializer>
FNDA:21,findByEmail
DA:1,1
DA:2,1
DA:3,1
DA:4,21
DA:5,21
DA:6,21
DA:7,21
DA:8,21
DA:9,21
DA:10,21
DA:11,21
LF:11
LH:11
BRDA:3,0,0,21
BRDA:5,1,0,21
BRF:2
BRH:2
end_of_record
TN:
SF:src\repositories\user.repository.ts
FN:5,<instance_members_initializer>
FN:7,findByEmail
FN:13,saveUser
FN:20,findByUser
FN:26,updateUser
FNF:5
FNH:5
FNDA:27,<instance_members_initializer>
FNDA:26,findByEmail
FNDA:21,saveUser
FNDA:4,findByUser
FNDA:1,updateUser
DA:1,1
DA:2,1
DA:3,1
DA:4,1
DA:5,1
DA:6,27
DA:7,27
DA:8,26
DA:9,26
DA:10,26
DA:11,26
DA:12,26
DA:13,27
DA:14,21
DA:15,21
DA:16,21
DA:17,21
DA:18,21
DA:19,21
DA:20,27
DA:21,4
DA:22,4
DA:23,4
DA:24,4
DA:25,4
DA:26,27
DA:27,1
DA:28,1
DA:29,1
DA:30,1
DA:31,1
DA:32,1
DA:33,1
DA:34,1
DA:35,1
DA:36,1
DA:37,1
DA:38,27
DA:39,1
DA:40,1
LF:40
LH:40
BRDA:5,0,0,27
BRDA:7,1,0,26
BRDA:13,2,0,21
BRDA:20,3,0,4
BRDA:26,4,0,1
BRF:5
BRH:5
end_of_record
TN:
SF:src\routes\index.ts
FNF:0
FNH:0
DA:1,1
DA:2,1
DA:3,1
DA:4,1
DA:5,1
DA:6,1
DA:7,1
DA:8,1
DA:9,1
DA:10,1
DA:11,1
DA:12,1
LF:12
LH:12
BRF:0
BRH:0
end_of_record
TN:
SF:src\routes\post.routes.ts
FNF:0
FNH:0
DA:1,1
DA:2,1
DA:3,1
DA:4,1
DA:5,1
DA:6,1
DA:7,1
DA:8,1
DA:9,1
DA:10,1
DA:11,1
DA:12,1
DA:13,1
DA:14,1
DA:15,1
DA:16,1
LF:16
LH:16
BRF:0
BRH:0
end_of_record
TN:
SF:src\routes\session.routes.ts
FNF:0
FNH:0
DA:1,1
DA:2,1
DA:3,1
DA:4,1
DA:5,1
DA:6,1
DA:7,1
DA:8,1
DA:9,1
DA:10,1
LF:10
LH:10
BRF:0
BRH:0
end_of_record
TN:
SF:src\routes\user.routes.ts
FNF:0
FNH:0
DA:1,1
DA:2,1
DA:3,1
DA:4,1
DA:5,1
DA:6,1
DA:7,1
DA:8,1
DA:9,1
DA:10,1
DA:11,1
DA:12,1
LF:12
LH:12
BRF:0
BRH:0
end_of_record
TN:
SF:src\services\PostService\createPost.service.ts
FN:4,execute
FNF:1
FNH:1
FNDA:14,execute
DA:1,1
DA:2,1
DA:3,1
DA:4,1
DA:5,14
DA:6,14
DA:7,13
DA:8,13
DA:9,1
DA:10,1
DA:11,1
LF:11
LH:11
BRDA:4,0,0,14
BRDA:6,1,0,13
BRF:2
BRH:2
end_of_record
TN:
SF:src\services\PostService\deletePost.service.ts
FN:7,execute
FNF:1
FNH:1
FNDA:3,execute
DA:1,1
DA:2,1
DA:3,1
DA:4,1
DA:5,1
DA:6,1
DA:7,1
DA:8,3
DA:9,3
DA:10,3
DA:11,3
DA:12,3
DA:13,3
DA:14,3
DA:15,3
DA:16,1
DA:17,1
DA:18,3
DA:19,1
DA:20,1
DA:21,1
DA:22,1
DA:23,1
DA:24,1
DA:25,1
LF:25
LH:25
BRDA:7,0,0,3
BRDA:15,1,0,1
BRDA:17,2,0,2
BRDA:18,3,0,1
BRF:4
BRH:4
end_of_record
TN:
SF:src\services\PostService\listPost.service.ts
FN:7,execute
FNF:1
FNH:1
FNDA:3,execute
DA:1,1
DA:2,1
DA:3,1
DA:4,1
DA:5,1
DA:6,1
DA:7,1
DA:8,3
DA:9,3
DA:10,3
DA:11,3
DA:12,3
DA:13,3
DA:14,3
DA:15,3
DA:16,1
DA:17,1
DA:18,3
DA:19,1
DA:20,1
DA:21,1
DA:22,1
DA:23,1
DA:24,1
LF:24
LH:24
BRDA:7,0,0,3
BRDA:15,1,0,1
BRDA:17,2,0,2
BRDA:18,3,0,1
BRF:4
BRH:4
end_of_record
TN:
SF:src\services\PostService\searchPost.service.ts
FN:7,execute
FNF:1
FNH:1
FNDA:2,execute
DA:1,1
DA:2,1
DA:3,1
DA:4,1
DA:5,1
DA:6,1
DA:7,1
DA:8,2
DA:9,2
DA:10,2
DA:11,0
DA:12,2
DA:13,2
DA:14,2
DA:15,2
DA:16,1
DA:17,1
DA:18,1
DA:19,1
DA:20,1
DA:21,1
LF:21
LH:20
BRDA:7,0,0,2
BRDA:10,1,0,0
BRDA:15,2,0,1
BRF:3
BRH:2
end_of_record
TN:
SF:src\services\PostService\updatePost.service.ts
FN:7,execute
FNF:1
FNH:1
FNDA:3,execute
DA:1,1
DA:2,1
DA:3,1
DA:4,1
DA:5,1
DA:6,1
DA:7,1
DA:8,3
DA:9,3
DA:10,3
DA:11,3
DA:12,3
DA:13,3
DA:14,3
DA:15,3
DA:16,3
DA:17,1
DA:18,1
DA:19,3
DA:20,1
DA:21,1
DA:22,1
DA:23,1
DA:24,1
DA:25,1
DA:26,1
LF:26
LH:26
BRDA:7,0,0,3
BRDA:16,1,0,1
BRDA:18,2,0,2
BRDA:19,3,0,1
BRF:4
BRH:4
end_of_record
TN:
SF:src\services\SessionService\createSession.service.ts
FN:10,execute
FNF:1
FNH:1
FNDA:21,execute
DA:1,1
DA:2,1
DA:3,1
DA:4,1
DA:5,1
DA:6,1
DA:7,1
DA:8,1
DA:9,1
DA:10,1
DA:11,21
DA:12,21
DA:13,21
DA:14,21
DA:15,21
DA:16,1
DA:17,1
DA:18,20
DA:19,20
DA:20,21
DA:21,1
DA:22,1
DA:23,21
DA:24,19
DA:25,19
DA:26,19
DA:27,19
DA:28,19
DA:29,19
DA:30,19
DA:31,19
DA:32,19
DA:33,19
DA:34,21
DA:35,1
DA:36,1
DA:37,1
LF:37
LH:37
BRDA:10,0,0,21
BRDA:15,1,0,1
BRDA:17,2,0,20
BRDA:20,3,0,1
BRDA:22,4,0,19
BRDA:23,5,0,19
BRF:6
BRH:6
end_of_record
TN:
SF:src\services\UserService\createUser.service.ts
FN:5,execute
FNF:1
FNH:1
FNDA:22,execute
DA:1,1
DA:2,1
DA:3,1
DA:4,1
DA:5,1
DA:6,22
DA:7,22
DA:8,22
DA:9,1
DA:10,1
DA:11,21
DA:12,21
DA:13,21
DA:14,1
DA:15,1
DA:16,1
LF:16
LH:16
BRDA:5,0,0,22
BRDA:8,1,0,1
BRDA:10,2,0,21
BRF:3
BRH:3
end_of_record
TN:
SF:src\services\UserService\updateUser.service.ts
FN:8,execute
FNF:1
FNH:1
FNDA:4,execute
DA:1,1
DA:2,1
DA:3,1
DA:4,1
DA:5,1
DA:6,1
DA:7,1
DA:8,1
DA:9,4
DA:10,4
DA:11,4
DA:12,4
DA:13,4
DA:14,4
DA:15,4
DA:16,0
DA:17,4
DA:18,4
DA:19,4
DA:20,4
DA:21,4
DA:22,0
DA:23,4
DA:24,4
DA:25,4
DA:26,1
DA:27,1
DA:28,4
DA:29,4
DA:30,4
DA:31,4
DA:32,1
DA:33,1
DA:34,2
DA:35,4
DA:36,2
DA:37,2
DA:38,1
DA:39,1
DA:40,2
DA:41,1
DA:42,1
DA:43,1
DA:44,1
DA:45,1
LF:45
LH:43
BRDA:8,0,0,4
BRDA:15,1,0,0
BRDA:21,2,0,0
BRDA:25,3,0,1
BRDA:27,4,0,3
BRDA:28,5,0,0
BRDA:29,6,0,3
BRDA:31,7,0,3
BRDA:31,8,0,1
BRDA:33,9,0,2
BRDA:35,10,0,2
BRDA:37,11,0,1
BRDA:40,12,0,1
BRF:13
BRH:10
end_of_record
